<?xml version="1.0" encoding="UTF-8"?>
<!-- Generated by org.testng.reporters.JUnitXMLReporter -->
<testsuite hostname="pclap-002" name="Default test" tests="4" failures="0" timestamp="16 Apr 2016 09:03:45 GMT" time="68.703" errors="0">
  <testcase name="InvalidLogin" time="4.256" classname="testCases.web.TestCaseWeb"/>
  <testcase name="ValidLogin" time="10.436" classname="testCases.web.TestCaseWeb"/>
  <testcase name="uploadimage" time="23.998" classname="testCases.web.TestCaseWeb"/>
  <testcase name="verifyuploadimage" time="0.209" classname="testCases.web.TestCaseWeb"/>
</testsuite> <!-- Default test -->
